[debug] [2021-08-24T03:35:04.651Z] ----------------------------------------------------------------------
[debug] [2021-08-24T03:35:04.654Z] Command:       /usr/local/bin/node /usr/local/bin/firebase init
[debug] [2021-08-24T03:35:04.655Z] CLI Version:   9.16.5
[debug] [2021-08-24T03:35:04.655Z] Platform:      linux
[debug] [2021-08-24T03:35:04.655Z] Node Version:  v14.17.5
[debug] [2021-08-24T03:35:04.655Z] Time:          Tue Aug 24 2021 10:35:04 GMT+0700 (Western Indonesia Time)
[debug] [2021-08-24T03:35:04.655Z] ----------------------------------------------------------------------
[debug] 
[debug] [2021-08-24T03:35:04.663Z] > command requires scopes: ["email","openid","https://www.googleapis.com/auth/cloudplatformprojects.readonly","https://www.googleapis.com/auth/firebase","https://www.googleapis.com/auth/cloud-platform"]
[debug] [2021-08-24T03:35:04.663Z] > authorizing via signed-in user (mb336450@gmail.com)
[info] 
     ######## #### ########  ######## ########     ###     ######  ########
     ##        ##  ##     ## ##       ##     ##  ##   ##  ##       ##
     ######    ##  ########  ######   ########  #########  ######  ######
     ##        ##  ##    ##  ##       ##     ## ##     ##       ## ##
     ##       #### ##     ## ######## ########  ##     ##  ######  ########

You're about to initialize a Firebase project in this directory:

  /media/dell/01D69BEB2F9C2370/Documents/Sekolah/Tugas_kelas_12/PGWB/coffe

Before we get started, keep in mind:

  * You are currently outside your home directory

[info] 
=== Project Setup
[info] 
[info] First, let's associate this project directory with a Firebase project.
[info] You can create multiple project aliases by running firebase use --add, 
[info] but for now we'll just set up a default project.
[info] 
[debug] [2021-08-24T03:37:12.981Z] >>> [apiv2][query] GET https://firebase.googleapis.com/v1beta1/projects pageSize=100
[debug] [2021-08-24T03:37:13.845Z] <<< [apiv2][status] GET https://firebase.googleapis.com/v1beta1/projects 200
[debug] [2021-08-24T03:37:13.845Z] <<< [apiv2][body] GET https://firebase.googleapis.com/v1beta1/projects [omitted]
[info] i  Using project coffee-92594 (coffee) 
[info] 
=== Hosting Setup
[info] 
[info] Your public directory is the folder (relative to your project directory) that
[info] will contain Hosting assets to be uploaded with firebase deploy. If you
[info] have a build process for your assets, use your build's output directory.
[info] 
[info] ✔  Wrote /404.html 
[debug] [2021-08-24T03:43:49.286Z] >>> [apiv2][query] GET https://www.gstatic.com/firebasejs/releases.json [none]
[debug] [2021-08-24T03:43:49.615Z] <<< [apiv2][status] GET https://www.gstatic.com/firebasejs/releases.json 200
[debug] [2021-08-24T03:43:49.615Z] <<< [apiv2][body] GET https://www.gstatic.com/firebasejs/releases.json {"current":{"version":"8.10.0","browserURL":"https://www.gstatic.com/firebasejs/8.10.0/firebase.js","packageURL":"https://www.gstatic.com/firebasejs/8.10.0/firebase.tgz"},"live":{"version":"8.10","browserURL":"https://www.gstatic.com/firebasejs/live/8.10/firebase.js","packageURL":"https://www.gstatic.com/firebasejs/live/8.10/firebase.tgz"},"components":{"analytics":"https://www.gstatic.com/firebasejs/8.10.0/firebase-analytics.js","app":"https://www.gstatic.com/firebasejs/8.10.0/firebase-app.js","app-check":"https://www.gstatic.com/firebasejs/8.10.0/firebase-app-check.js","auth":"https://www.gstatic.com/firebasejs/8.10.0/firebase-auth.js","database":"https://www.gstatic.com/firebasejs/8.10.0/firebase-database.js","firestore":"https://www.gstatic.com/firebasejs/8.10.0/firebase-firestore.js","functions":"https://www.gstatic.com/firebasejs/8.10.0/firebase-functions.js","installations":"https://www.gstatic.com/firebasejs/8.10.0/firebase-installations.js","messaging":"https://www.gstatic.com/firebasejs/8.10.0/firebase-messaging.js","storage":"https://www.gstatic.com/firebasejs/8.10.0/firebase-storage.js","performance":"https://www.gstatic.com/firebasejs/8.10.0/firebase-performance.js","remote-config":"https://www.gstatic.com/firebasejs/8.10.0/firebase-remote-config.js","firestore.memory":"https://www.gstatic.com/firebasejs/8.10.0/firebase-firestore.memory.js"}}
[info] ✔  Wrote /index.html 
[info] 
[info] i  Didn't detect a .git folder. Assuming /media/dell/01D69BEB2F9C2370/Documents/Sekolah/Tugas_kelas_12/PGWB/coffe is the project root. 
[info] i  Authorizing with GitHub to upload your service account to a GitHub repository's secrets store. 
[info] 
[info] Visit this URL on this device to log in:
[info] https://github.com/login/oauth/authorize?client_id=89cf50f02ac6aaed3484&state=711956565&redirect_uri=http%3A%2F%2Flocalhost%3A9005&scope=read%3Auser%20repo%20public_repo
[info] 
[info] Waiting for authentication...
[debug] [2021-08-24T03:44:31.665Z] >>> HTTP REQUEST POST https://github.com/login/oauth/access_token  
 {"client_id":"89cf50f02ac6aaed3484","client_secret":"3330d14abc895d9a74d5f17cd7a00711fa2c5bf0","code":"0e8d59d927dffaf88601","redirect_uri":"http://localhost:9005","state":"711956565"}
[debug] [2021-08-24T03:44:32.527Z] <<< HTTP RESPONSE 200 {"server":"GitHub.com","date":"Tue, 24 Aug 2021 03:44:32 GMT","content-type":"application/json; charset=utf-8","transfer-encoding":"chunked","vary":"X-PJAX, X-PJAX-Container, Accept-Encoding, Accept, X-Requested-With","permissions-policy":"interest-cohort=()","etag":"W/\"ea043df6540c3dbb88f75f888874e041\"","cache-control":"max-age=0, private, must-revalidate","strict-transport-security":"max-age=31536000; includeSubdomains; preload","x-frame-options":"deny","x-content-type-options":"nosniff","x-xss-protection":"0","referrer-policy":"origin-when-cross-origin, strict-origin-when-cross-origin","expect-ct":"max-age=2592000, report-uri=\"https://api.github.com/_private/browser/errors\"","content-security-policy":"default-src 'none'; base-uri 'self'; block-all-mixed-content; connect-src 'self' uploads.github.com www.githubstatus.com collector.githubapp.com api.github.com github-cloud.s3.amazonaws.com github-production-repository-file-5c1aeb.s3.amazonaws.com github-production-upload-manifest-file-7fdce7.s3.amazonaws.com github-production-user-asset-6210df.s3.amazonaws.com cdn.optimizely.com logx.optimizely.com/v1/events translator.github.com wss://alive.github.com; font-src github.githubassets.com; form-action 'self' github.com gist.github.com; frame-ancestors 'none'; frame-src render.githubusercontent.com viewscreen.githubusercontent.com; img-src 'self' data: github.githubassets.com identicons.github.com collector.githubapp.com github-cloud.s3.amazonaws.com secured-user-images.githubusercontent.com/ *.githubusercontent.com; manifest-src 'self'; media-src 'none'; script-src github.githubassets.com; style-src 'unsafe-inline' github.githubassets.com; worker-src github.com/socket-worker-3f088aa2.js gist.github.com/socket-worker-3f088aa2.js","x-github-request-id":"909B:4F3A:349F99:3A7291:61246B1F"}
[debug] [2021-08-24T03:44:32.532Z] >>> [apiv2][query] GET https://api.github.com/user [none]
[debug] [2021-08-24T03:44:33.553Z] <<< [apiv2][status] GET https://api.github.com/user 200
[debug] [2021-08-24T03:44:33.553Z] <<< [apiv2][body] GET https://api.github.com/user {"login":"muhBilal","id":70948281,"node_id":"MDQ6VXNlcjcwOTQ4Mjgx","avatar_url":"https://avatars.githubusercontent.com/u/70948281?v=4","gravatar_id":"","url":"https://api.github.com/users/muhBilal","html_url":"https://github.com/muhBilal","followers_url":"https://api.github.com/users/muhBilal/followers","following_url":"https://api.github.com/users/muhBilal/following{/other_user}","gists_url":"https://api.github.com/users/muhBilal/gists{/gist_id}","starred_url":"https://api.github.com/users/muhBilal/starred{/owner}{/repo}","subscriptions_url":"https://api.github.com/users/muhBilal/subscriptions","organizations_url":"https://api.github.com/users/muhBilal/orgs","repos_url":"https://api.github.com/users/muhBilal/repos","events_url":"https://api.github.com/users/muhBilal/events{/privacy}","received_events_url":"https://api.github.com/users/muhBilal/received_events","type":"User","site_admin":false,"name":null,"company":null,"blog":"","location":null,"email":null,"hireable":null,"bio":null,"twitter_username":null,"public_repos":6,"public_gists":0,"followers":1,"following":1,"created_at":"2020-09-08T10:15:45Z","updated_at":"2021-08-16T07:50:28Z","private_gists":0,"total_private_repos":0,"owned_private_repos":0,"disk_usage":10458,"collaborators":0,"two_factor_authentication":false,"plan":{"name":"free","space":976562499,"collaborators":0,"private_repos":10000}}
[info] 
[info] ✔  Success! Logged into GitHub as muhBilal 
[info] 
[debug] [2021-08-24T03:44:37.677Z] >>> [apiv2][query] GET https://api.github.com/repos//actions/secrets/public-key type=owner
[debug] [2021-08-24T03:44:38.200Z] <<< [apiv2][status] GET https://api.github.com/repos//actions/secrets/public-key 404
[debug] [2021-08-24T03:44:38.201Z] <<< [apiv2][body] GET https://api.github.com/repos//actions/secrets/public-key {"message":"Not Found","documentation_url":"https://docs.github.com/rest"}
